# JRE version: OpenJDK Runtime Environment (8.0_152-b01) (build 1.8.0_152-release-915-b01)
# Java VM: OpenJDK 64-Bit Server VM (25.152-b01 mixed mode linux-amd64 compressed oops)
Heap:
 PSYoungGen      total 433664K, used 7005K [0x00000000e0000000, 0x00000000ff280000, 0x0000000100000000)
  eden space 373248K, 0% used [0x00000000e0000000,0x00000000e0000000,0x00000000f6c80000)
  from space 60416K, 11% used [0x00000000fb780000,0x00000000fbe57430,0x00000000ff280000)
  to   space 68608K, 0% used [0x00000000f6c80000,0x00000000f6c80000,0x00000000faf80000)
 ParOldGen       total 530432K, used 498922K [0x00000000a0000000, 0x00000000c0600000, 0x00000000e0000000)
  object space 530432K, 94% used [0x00000000a0000000,0x00000000be73a870,0x00000000c0600000)
 Metaspace       used 79989K, capacity 83832K, committed 84056K, reserved 1122304K
  class space    used 9974K, capacity 10789K, committed 10880K, reserved 1048576K
GC Heap History (10 events):
Event: 1341,608 GC heap after
Heap after GC invocations=93 (full 9):
 PSYoungGen      total 409600K, used 6138K [0x00000000e0000000, 0x00000000ff080000, 0x0000000100000000)
  eden space 332288K, 0% used [0x00000000e0000000,0x00000000e0000000,0x00000000f4480000)
  from space 77312K, 7% used [0x00000000fa500000,0x00000000faafea18,0x00000000ff080000)
  to   space 88064K, 0% used [0x00000000f4480000,0x00000000f4480000,0x00000000f9a80000)
 ParOldGen       total 530432K, used 478856K [0x00000000a0000000, 0x00000000c0600000, 0x00000000e0000000)
  object space 530432K, 90% used [0x00000000a0000000,0x00000000bd3a21c0,0x00000000c0600000)
 Metaspace       used 79986K, capacity 83832K, committed 84056K, reserved 1122304K
  class space    used 9974K, capacity 10789K, committed 10880K, reserved 1048576K
}
Event: 1342,667 GC heap before
{Heap before GC invocations=94 (full 9):
 PSYoungGen      total 409600K, used 338426K [0x00000000e0000000, 0x00000000ff080000, 0x0000000100000000)
  eden space 332288K, 100% used [0x00000000e0000000,0x00000000f4480000,0x00000000f4480000)
  from space 77312K, 7% used [0x00000000fa500000,0x00000000faafea18,0x00000000ff080000)
  to   space 88064K, 0% used [0x00000000f4480000,0x00000000f4480000,0x00000000f9a80000)
 ParOldGen       total 530432K, used 478856K [0x00000000a0000000, 0x00000000c0600000, 0x00000000e0000000)
  object space 530432K, 90% used [0x00000000a0000000,0x00000000bd3a21c0,0x00000000c0600000)
 Metaspace       used 79986K, capacity 83832K, committed 84056K, reserved 1122304K
  class space    used 9974K, capacity 10789K, committed 10880K, reserved 1048576K
Event: 1342,750 GC heap after
Heap after GC invocations=94 (full 9):
 PSYoungGen      total 420352K, used 7529K [0x00000000e0000000, 0x0000000100000000, 0x0000000100000000)
  eden space 332288K, 0% used [0x00000000e0000000,0x00000000e0000000,0x00000000f4480000)
  from space 88064K, 8% used [0x00000000f4480000,0x00000000f4bda450,0x00000000f9a80000)
  to   space 82944K, 0% used [0x00000000faf00000,0x00000000faf00000,0x0000000100000000)
 ParOldGen       total 530432K, used 483856K [0x00000000a0000000, 0x00000000c0600000, 0x00000000e0000000)
  object space 530432K, 91% used [0x00000000a0000000,0x00000000bd884310,0x00000000c0600000)
 Metaspace       used 79986K, capacity 83832K, committed 84056K, reserved 1122304K
  class space    used 9974K, capacity 10789K, committed 10880K, reserved 1048576K
}
Event: 1343,675 GC heap before
{Heap before GC invocations=95 (full 9):
 PSYoungGen      total 420352K, used 339817K [0x00000000e0000000, 0x0000000100000000, 0x0000000100000000)
  eden space 332288K, 100% used [0x00000000e0000000,0x00000000f4480000,0x00000000f4480000)
  from space 88064K, 8% used [0x00000000f4480000,0x00000000f4bda450,0x00000000f9a80000)
  to   space 82944K, 0% used [0x00000000faf00000,0x00000000faf00000,0x0000000100000000)
 ParOldGen       total 530432K, used 483856K [0x00000000a0000000, 0x00000000c0600000, 0x00000000e0000000)
  object space 530432K, 91% used [0x00000000a0000000,0x00000000bd884310,0x00000000c0600000)
 Metaspace       used 79986K, capacity 83832K, committed 84056K, reserved 1122304K
  class space    used 9974K, capacity 10789K, committed 10880K, reserved 1048576K
Event: 1343,751 GC heap after
Heap after GC invocations=95 (full 9):
 PSYoungGen      total 421888K, used 6718K [0x00000000e0000000, 0x00000000ff200000, 0x0000000100000000)
  eden space 353280K, 0% used [0x00000000e0000000,0x00000000e0000000,0x00000000f5900000)
  from space 68608K, 9% used [0x00000000faf00000,0x00000000fb58f938,0x00000000ff200000)
  to   space 78336K, 0% used [0x00000000f5900000,0x00000000f5900000,0x00000000fa580000)
 ParOldGen       total 530432K, used 487397K [0x00000000a0000000, 0x00000000c0600000, 0x00000000e0000000)
  object space 530432K, 91% used [0x00000000a0000000,0x00000000bdbf9558,0x00000000c0600000)
 Metaspace       used 79986K, capacity 83832K, committed 84056K, reserved 1122304K
  class space    used 9974K, capacity 10789K, committed 10880K, reserved 1048576K
}
Event: 1344,445 GC heap before
{Heap before GC invocations=96 (full 9):
 PSYoungGen      total 421888K, used 359998K [0x00000000e0000000, 0x00000000ff200000, 0x0000000100000000)
  eden space 353280K, 100% used [0x00000000e0000000,0x00000000f5900000,0x00000000f5900000)
  from space 68608K, 9% used [0x00000000faf00000,0x00000000fb58f938,0x00000000ff200000)
  to   space 78336K, 0% used [0x00000000f5900000,0x00000000f5900000,0x00000000fa580000)
 ParOldGen       total 530432K, used 487397K [0x00000000a0000000, 0x00000000c0600000, 0x00000000e0000000)
  object space 530432K, 91% used [0x00000000a0000000,0x00000000bdbf9558,0x00000000c0600000)
 Metaspace       used 79989K, capacity 83832K, committed 84056K, reserved 1122304K
  class space    used 9974K, capacity 10789K, committed 10880K, reserved 1048576K
Event: 1344,481 GC heap after
Heap after GC invocations=96 (full 9):
 PSYoungGen      total 431616K, used 10496K [0x00000000e0000000, 0x00000000ffe80000, 0x0000000100000000)
  eden space 353280K, 0% used [0x00000000e0000000,0x00000000e0000000,0x00000000f5900000)
  from space 78336K, 13% used [0x00000000f5900000,0x00000000f63400e0,0x00000000fa580000)
  to   space 72704K, 0% used [0x00000000fb780000,0x00000000fb780000,0x00000000ffe80000)
 ParOldGen       total 530432K, used 490249K [0x00000000a0000000, 0x00000000c0600000, 0x00000000e0000000)
  object space 530432K, 92% used [0x00000000a0000000,0x00000000bdec2630,0x00000000c0600000)
 Metaspace       used 79989K, capacity 83832K, committed 84056K, reserved 1122304K
  class space    used 9974K, capacity 10789K, committed 10880K, reserved 1048576K
}
Event: 1345,201 GC heap before
{Heap before GC invocations=97 (full 9):
 PSYoungGen      total 431616K, used 363776K [0x00000000e0000000, 0x00000000ffe80000, 0x0000000100000000)
  eden space 353280K, 100% used [0x00000000e0000000,0x00000000f5900000,0x00000000f5900000)
  from space 78336K, 13% used [0x00000000f5900000,0x00000000f63400e0,0x00000000fa580000)
  to   space 72704K, 0% used [0x00000000fb780000,0x00000000fb780000,0x00000000ffe80000)
 ParOldGen       total 530432K, used 490249K [0x00000000a0000000, 0x00000000c0600000, 0x00000000e0000000)
  object space 530432K, 92% used [0x00000000a0000000,0x00000000bdec2630,0x00000000c0600000)
 Metaspace       used 79989K, capacity 83832K, committed 84056K, reserved 1122304K
  class space    used 9974K, capacity 10789K, committed 10880K, reserved 1048576K
Event: 1345,253 GC heap after
Heap after GC invocations=97 (full 9):
 PSYoungGen      total 433664K, used 7005K [0x00000000e0000000, 0x00000000ff280000, 0x0000000100000000)
  eden space 373248K, 0% used [0x00000000e0000000,0x00000000e0000000,0x00000000f6c80000)
  from space 60416K, 11% used [0x00000000fb780000,0x00000000fbe57430,0x00000000ff280000)
  to   space 68608K, 0% used [0x00000000f6c80000,0x00000000f6c80000,0x00000000faf80000)
 ParOldGen       total 530432K, used 498922K [0x00000000a0000000, 0x00000000c0600000, 0x00000000e0000000)
  object space 530432K, 94% used [0x00000000a0000000,0x00000000be73a870,0x00000000c0600000)
 Metaspace       used 79989K, capacity 83832K, committed 84056K, reserved 1122304K
  class space    used 9974K, capacity 10789K, committed 10880K, reserved 1048576K
}
Event: 1345,253 GC heap before
{Heap before GC invocations=98 (full 10):
 PSYoungGen      total 433664K, used 7005K [0x00000000e0000000, 0x00000000ff280000, 0x0000000100000000)
  eden space 373248K, 0% used [0x00000000e0000000,0x00000000e0000000,0x00000000f6c80000)
  from space 60416K, 11% used [0x00000000fb780000,0x00000000fbe57430,0x00000000ff280000)
  to   space 68608K, 0% used [0x00000000f6c80000,0x00000000f6c80000,0x00000000faf80000)
 ParOldGen       total 530432K, used 498922K [0x00000000a0000000, 0x00000000c0600000, 0x00000000e0000000)
  object space 530432K, 94% used [0x00000000a0000000,0x00000000be73a870,0x00000000c0600000)
 Metaspace       used 79989K, capacity 83832K, committed 84056K, reserved 1122304K
  class space    used 9974K, capacity 10789K, committed 10880K, reserved 1048576K

